<?xml version="1.0" encoding="UTF-8"?>
<!-- Generated by org.testng.reporters.JUnitReportReporter -->
<testsuite hostname="LAPTOP-A363SLA7" failures="0" tests="5" name="hw1tests.test4" time="62.965" errors="0" timestamp="2024-06-22T19:20:54 IDT" skipped="0">
  <testcase classname="hw1tests.test4" name="tc03_Exploreplacedealsdates" time="13.548"/>
  <testcase classname="hw1tests.test4" name="tc02_Exploreplacedealsfrom" time="6.523"/>
  <testcase classname="hw1tests.test4" name="tc01_Clickdeals" time="19.820"/>
  <testcase classname="hw1tests.test4" name="tc05_Explorethedealfromlist" time="3.446"/>
  <testcase classname="hw1tests.test4" name="tc04_Exploreplacedealsdirection" time="19.628"/>
</testsuite> <!-- hw1tests.test4 -->
