<?xml version="1.0" encoding="UTF-8"?>
<!-- Generated by org.testng.reporters.JUnitReportReporter -->
<testsuite hostname="LAPTOP-A363SLA7" failures="0" tests="3" name="hw1tests.test1" time="30.545" errors="0" timestamp="2024-06-15T12:17:46 IDT" skipped="0">
  <testcase classname="hw1tests.test1" name="tc01_login" time="13.749"/>
  <testcase classname="hw1tests.test1" name="tc03_Forgetinsertpassward" time="12.562"/>
  <testcase classname="hw1tests.test1" name="tc02_logoutandnopassward" time="4.234"/>
</testsuite> <!-- hw1tests.test1 -->
