<?xml version="1.0" encoding="UTF-8"?>
<!-- Generated by org.testng.reporters.JUnitReportReporter -->
<testsuite hostname="LAPTOP-A363SLA7" failures="0" tests="5" name="hw1tests.test2" time="88.514" errors="0" timestamp="2024-06-20T11:09:55 IDT" skipped="0">
  <testcase classname="hw1tests.test2" name="tc03_Checkflighttimefrom" time="13.638"/>
  <testcase classname="hw1tests.test2" name="tc01_Checkflightfrom" time="19.259"/>
  <testcase classname="hw1tests.test2" name="tc05_Choosepassandcabinbags" time="37.626"/>
  <testcase classname="hw1tests.test2" name="tc02_Checkflightto" time="6.379"/>
  <testcase classname="hw1tests.test2" name="tc04_CheckEconomy" time="11.612"/>
</testsuite> <!-- hw1tests.test2 -->
