<?xml version="1.0" encoding="UTF-8"?>
<!-- Generated by org.testng.reporters.JUnitReportReporter -->
<testsuite hostname="LAPTOP-A363SLA7" failures="0" tests="3" name="hw1tests.test3" time="77.226" errors="0" timestamp="2024-06-15T12:17:46 IDT" skipped="0">
  <testcase classname="hw1tests.test3" name="tc02_CheckEconomy" time="11.508"/>
  <testcase classname="hw1tests.test3" name="tc01_Checkflightoneway" time="32.662"/>
  <testcase classname="hw1tests.test3" name="tc03_Choosepassandcabinbags" time="33.056"/>
</testsuite> <!-- hw1tests.test3 -->
