<?xml version="1.0" encoding="UTF-8"?>
<!-- Generated by org.testng.reporters.JUnitReportReporter -->
<testsuite hostname="LAPTOP-A363SLA7" failures="0" tests="1" name="test.SimpleTest" time="9.758" errors="0" timestamp="2024-06-13T04:43:02 IDT" skipped="0">
  <testcase classname="test.SimpleTest" name="tc01_simpletest" time="9.758"/>
</testsuite> <!-- test.SimpleTest -->
