<?xml version="1.0" encoding="UTF-8"?>
<!-- Generated by org.testng.reporters.JUnitReportReporter -->
<testsuite hostname="LAPTOP-A363SLA7" failures="0" tests="3" name="hw1tests.test1" time="34.144" errors="0" timestamp="2024-06-23T12:30:55 IDT" skipped="0">
  <testcase classname="hw1tests.test1" name="tc02_logoutandnopassward" time="4.296"/>
  <testcase classname="hw1tests.test1" name="tc03_Forgetinsertpassward" time="12.765"/>
  <testcase classname="hw1tests.test1" name="tc01_login" time="17.083"/>
</testsuite> <!-- hw1tests.test1 -->
