<?xml version="1.0" encoding="UTF-8"?>
<!-- Generated by org.testng.reporters.JUnitReportReporter -->
<testsuite hostname="LAPTOP-A363SLA7" failures="0" tests="5" name="hw1tests.test4" time="62.362" errors="0" timestamp="2024-06-23T12:30:55 IDT" skipped="0">
  <testcase classname="hw1tests.test4" name="tc01_Clickdeals" time="20.564"/>
  <testcase classname="hw1tests.test4" name="tc04_Exploreplacedealsdirection" time="19.613"/>
  <testcase classname="hw1tests.test4" name="tc02_Exploreplacedealsfrom" time="5.377"/>
  <testcase classname="hw1tests.test4" name="tc03_Exploreplacedealsdates" time="13.405"/>
  <testcase classname="hw1tests.test4" name="tc05_Explorethedealfromlist" time="3.403"/>
</testsuite> <!-- hw1tests.test4 -->
