<?xml version="1.0" encoding="UTF-8"?>
<!-- Generated by org.testng.reporters.JUnitReportReporter -->
<testsuite hostname="LAPTOP-A363SLA7" failures="0" tests="5" name="hw1tests.test2" time="101.301" errors="0" timestamp="2024-06-23T12:30:55 IDT" skipped="0">
  <testcase classname="hw1tests.test2" name="tc03_Checkflighttimefrom" time="16.594"/>
  <testcase classname="hw1tests.test2" name="tc02_Checkflightto" time="6.344"/>
  <testcase classname="hw1tests.test2" name="tc01_Checkflightfrom" time="21.705"/>
  <testcase classname="hw1tests.test2" name="tc04_CheckEconomy" time="12.717"/>
  <testcase classname="hw1tests.test2" name="tc05_Choosepassandcabinbags" time="43.941"/>
</testsuite> <!-- hw1tests.test2 -->
