<?xml version="1.0" encoding="UTF-8"?>
<!-- Generated by org.testng.reporters.JUnitReportReporter -->
<testsuite hostname="LAPTOP-A363SLA7" failures="0" tests="3" name="hw1tests.test3" time="124.767" errors="0" timestamp="2024-06-23T12:30:55 IDT" skipped="0">
  <testcase classname="hw1tests.test3" name="tc01_Checkflightoneway" time="45.409"/>
  <testcase classname="hw1tests.test3" name="tc02_CheckEconomy" time="12.323"/>
  <testcase classname="hw1tests.test3" name="tc03_Choosepassandcabinbags" time="67.035"/>
</testsuite> <!-- hw1tests.test3 -->
